     1 00000000                                 [FORMAT "WCOFF"]
     2 00000000                                 [INSTRSET "i486p"]
     3 00000000                                 [OPTIMIZE 1]
     4 00000000                                 [OPTION 1]
     5 00000000                                 [BITS 32]
     6 00000000                                 	EXTERN	_init_gdtidt
     7 00000000                                 	EXTERN	_init_pic
     8 00000000                                 	EXTERN	_io_sti
     9 00000000                                 	EXTERN	_fifo32_init
    10 00000000                                 	EXTERN	_init_pit
    11 00000000                                 	EXTERN	_init_keyboard
    12 00000000                                 	EXTERN	_enable_mouse
    13 00000000                                 	EXTERN	_io_out8
    14 00000000                                 	EXTERN	_memtest
    15 00000000                                 	EXTERN	_memman_init
    16 00000000                                 	EXTERN	_memman_free
    17 00000000                                 	EXTERN	_init_palette
    18 00000000                                 	EXTERN	_shtctl_init
    19 00000000                                 	EXTERN	_task_init
    20 00000000                                 	EXTERN	_task_run
    21 00000000                                 	EXTERN	_sheet_alloc
    22 00000000                                 	EXTERN	_memman_alloc_4k
    23 00000000                                 	EXTERN	_sheet_setbuf
    24 00000000                                 	EXTERN	_init_screen8
    25 00000000                                 	EXTERN	_init_mouse_cursor8
    26 00000000                                 	EXTERN	_sheet_slide
    27 00000000                                 	EXTERN	_sheet_updown
    28 00000000                                 	EXTERN	_fifo32_put
    29 00000000                                 	EXTERN	_fifo32_status
    30 00000000                                 	EXTERN	_io_cli
    31 00000000                                 	EXTERN	_fifo32_get
    32 00000000                                 	EXTERN	_memman_free_4k
    33 00000000                                 	EXTERN	_sheet_free
    34 00000000                                 	EXTERN	_taskctl
    35 00000000                                 	EXTERN	_mouse_decode
    36 00000000                                 	EXTERN	_cons_putstr0
    37 00000000                                 	EXTERN	_asm_end_app
    38 00000000                                 	EXTERN	_keytable0.0
    39 00000000                                 	EXTERN	_wait_KBC_sendready
    40 00000000                                 	EXTERN	_keytable1.1
    41 00000000                                 	EXTERN	_task_sleep
    42 00000000                                 	EXTERN	_change_wtitle8
    43 00000000                                 	EXTERN	_task_alloc
    44 00000000                                 	EXTERN	_console_task
    45 00000000                                 	EXTERN	_make_window8
    46 00000000                                 	EXTERN	_make_textbox8
    47 00000000                                 [FILE "bootpack.c"]
    48                                          [SECTION .data]
    49 00000000                                 _keytable0.0:
    50 00000000 00                              	DB	0
    51 00000001 60                              	DB	96
    52 00000002 31                              	DB	49
    53 00000003 32                              	DB	50
    54 00000004 33                              	DB	51
    55 00000005 34                              	DB	52
    56 00000006 35                              	DB	53
    57 00000007 36                              	DB	54
    58 00000008 37                              	DB	55
    59 00000009 38                              	DB	56
    60 0000000A 39                              	DB	57
    61 0000000B 30                              	DB	48
    62 0000000C 2D                              	DB	45
    63 0000000D 3D                              	DB	61
    64 0000000E 08                              	DB	8
    65 0000000F 00                              	DB	0
    66 00000010 51                              	DB	81
    67 00000011 57                              	DB	87
    68 00000012 45                              	DB	69
    69 00000013 52                              	DB	82
    70 00000014 54                              	DB	84
    71 00000015 59                              	DB	89
    72 00000016 55                              	DB	85
    73 00000017 49                              	DB	73
    74 00000018 4F                              	DB	79
    75 00000019 50                              	DB	80
    76 0000001A 5B                              	DB	91
    77 0000001B 5D                              	DB	93
    78 0000001C 0A                              	DB	10
    79 0000001D 00                              	DB	0
    80 0000001E 41                              	DB	65
    81 0000001F 53                              	DB	83
    82 00000020 44                              	DB	68
    83 00000021 46                              	DB	70
    84 00000022 47                              	DB	71
    85 00000023 48                              	DB	72
    86 00000024 4A                              	DB	74
    87 00000025 4B                              	DB	75
    88 00000026 4C                              	DB	76
    89 00000027 3B                              	DB	59
    90 00000028 27                              	DB	39
    91 00000029 60                              	DB	96
    92 0000002A 00                              	DB	0
    93 0000002B 5C                              	DB	92
    94 0000002C 5A                              	DB	90
    95 0000002D 58                              	DB	88
    96 0000002E 43                              	DB	67
    97 0000002F 56                              	DB	86
    98 00000030 42                              	DB	66
    99 00000031 4E                              	DB	78
   100 00000032 4D                              	DB	77
   101 00000033 2C                              	DB	44
   102 00000034 2E                              	DB	46
   103 00000035 2F                              	DB	47
   104 00000036 00                              	DB	0
   105 00000037 2A                              	DB	42
   106 00000038 00                              	DB	0
   107 00000039 20                              	DB	32
   108 0000003A 00                              	DB	0
   109 0000003B 00                              	DB	0
   110 0000003C 00                              	DB	0
   111 0000003D 00                              	DB	0
   112 0000003E 00                              	DB	0
   113 0000003F 00                              	DB	0
   114 00000040 00                              	DB	0
   115 00000041 00                              	DB	0
   116 00000042 00                              	DB	0
   117 00000043 00                              	DB	0
   118 00000044 00                              	DB	0
   119 00000045 00                              	DB	0
   120 00000046 00                              	DB	0
   121 00000047 37                              	DB	55
   122 00000048 38                              	DB	56
   123 00000049 39                              	DB	57
   124 0000004A 2D                              	DB	45
   125 0000004B 34                              	DB	52
   126 0000004C 35                              	DB	53
   127 0000004D 36                              	DB	54
   128 0000004E 2B                              	DB	43
   129 0000004F 31                              	DB	49
   130 00000050 32                              	DB	50
   131 00000051 33                              	DB	51
   132 00000052 30                              	DB	48
   133 00000053 2E                              	DB	46
   134 00000054 00                              	DB	0
   135 00000055 00                              	DB	0
   136 00000056 00                              	DB	0
   137 00000057 00                              	DB	0
   138 00000058 00                              	DB	0
   139 00000059 00                              	DB	0
   140 0000005A 00                              	DB	0
   141 0000005B 00                              	DB	0
   142 0000005C 00                              	DB	0
   143 0000005D 00                              	DB	0
   144 0000005E 00                              	DB	0
   145 0000005F 00                              	DB	0
   146 00000060 00                              	DB	0
   147 00000061 00                              	DB	0
   148 00000062 00                              	DB	0
   149 00000063 00                              	DB	0
   150 00000064 00                              	DB	0
   151 00000065 00                              	DB	0
   152 00000066 00                              	DB	0
   153 00000067 00                              	DB	0
   154 00000068 00                              	DB	0
   155 00000069 00                              	DB	0
   156 0000006A 00                              	DB	0
   157 0000006B 00                              	DB	0
   158 0000006C 00                              	DB	0
   159 0000006D 00                              	DB	0
   160 0000006E 00                              	DB	0
   161 0000006F 00                              	DB	0
   162 00000070 00                              	DB	0
   163 00000071 00                              	DB	0
   164 00000072 00                              	DB	0
   165 00000073 5C                              	DB	92
   166 00000074 00                              	DB	0
   167 00000075 00                              	DB	0
   168 00000076 00                              	DB	0
   169 00000077 00                              	DB	0
   170 00000078 00                              	DB	0
   171 00000079 00                              	DB	0
   172 0000007A 00                              	DB	0
   173 0000007B 00                              	DB	0
   174 0000007C 00                              	DB	0
   175 0000007D 5C                              	DB	92
   176 0000007E 00                              	DB	0
   177 0000007F 00                              	DB	0
   178 00000080                                 _keytable1.1:
   179 00000080 00                              	DB	0
   180 00000081 7E                              	DB	126
   181 00000082 21                              	DB	33
   182 00000083 40                              	DB	64
   183 00000084 23                              	DB	35
   184 00000085 24                              	DB	36
   185 00000086 25                              	DB	37
   186 00000087 5E                              	DB	94
   187 00000088 26                              	DB	38
   188 00000089 2A                              	DB	42
   189 0000008A 28                              	DB	40
   190 0000008B 29                              	DB	41
   191 0000008C 5F                              	DB	95
   192 0000008D 2B                              	DB	43
   193 0000008E 08                              	DB	8
   194 0000008F 00                              	DB	0
   195 00000090 51                              	DB	81
   196 00000091 57                              	DB	87
   197 00000092 45                              	DB	69
   198 00000093 52                              	DB	82
   199 00000094 54                              	DB	84
   200 00000095 59                              	DB	89
   201 00000096 55                              	DB	85
   202 00000097 49                              	DB	73
   203 00000098 4F                              	DB	79
   204 00000099 50                              	DB	80
   205 0000009A 7B                              	DB	123
   206 0000009B 7D                              	DB	125
   207 0000009C 0A                              	DB	10
   208 0000009D 00                              	DB	0
   209 0000009E 41                              	DB	65
   210 0000009F 53                              	DB	83
   211 000000A0 44                              	DB	68
   212 000000A1 46                              	DB	70
   213 000000A2 47                              	DB	71
   214 000000A3 48                              	DB	72
   215 000000A4 4A                              	DB	74
   216 000000A5 4B                              	DB	75
   217 000000A6 4C                              	DB	76
   218 000000A7 3A                              	DB	58
   219 000000A8 22                              	DB	34
   220 000000A9 7E                              	DB	126
   221 000000AA 00                              	DB	0
   222 000000AB 7C                              	DB	124
   223 000000AC 5A                              	DB	90
   224 000000AD 58                              	DB	88
   225 000000AE 43                              	DB	67
   226 000000AF 56                              	DB	86
   227 000000B0 42                              	DB	66
   228 000000B1 4E                              	DB	78
   229 000000B2 4D                              	DB	77
   230 000000B3 3C                              	DB	60
   231 000000B4 3E                              	DB	62
   232 000000B5 3F                              	DB	63
   233 000000B6 00                              	DB	0
   234 000000B7 2A                              	DB	42
   235 000000B8 00                              	DB	0
   236 000000B9 20                              	DB	32
   237 000000BA 00                              	DB	0
   238 000000BB 00                              	DB	0
   239 000000BC 00                              	DB	0
   240 000000BD 00                              	DB	0
   241 000000BE 00                              	DB	0
   242 000000BF 00                              	DB	0
   243 000000C0 00                              	DB	0
   244 000000C1 00                              	DB	0
   245 000000C2 00                              	DB	0
   246 000000C3 00                              	DB	0
   247 000000C4 00                              	DB	0
   248 000000C5 00                              	DB	0
   249 000000C6 00                              	DB	0
   250 000000C7 37                              	DB	55
   251 000000C8 38                              	DB	56
   252 000000C9 39                              	DB	57
   253 000000CA 2D                              	DB	45
   254 000000CB 34                              	DB	52
   255 000000CC 35                              	DB	53
   256 000000CD 36                              	DB	54
   257 000000CE 2B                              	DB	43
   258 000000CF 31                              	DB	49
   259 000000D0 32                              	DB	50
   260 000000D1 33                              	DB	51
   261 000000D2 30                              	DB	48
   262 000000D3 2E                              	DB	46
   263 000000D4 00                              	DB	0
   264 000000D5 00                              	DB	0
   265 000000D6 00                              	DB	0
   266 000000D7 00                              	DB	0
   267 000000D8 00                              	DB	0
   268 000000D9 00                              	DB	0
   269 000000DA 00                              	DB	0
   270 000000DB 00                              	DB	0
   271 000000DC 00                              	DB	0
   272 000000DD 00                              	DB	0
   273 000000DE 00                              	DB	0
   274 000000DF 00                              	DB	0
   275 000000E0 00                              	DB	0
   276 000000E1 00                              	DB	0
   277 000000E2 00                              	DB	0
   278 000000E3 00                              	DB	0
   279 000000E4 00                              	DB	0
   280 000000E5 00                              	DB	0
   281 000000E6 00                              	DB	0
   282 000000E7 00                              	DB	0
   283 000000E8 00                              	DB	0
   284 000000E9 00                              	DB	0
   285 000000EA 00                              	DB	0
   286 000000EB 00                              	DB	0
   287 000000EC 00                              	DB	0
   288 000000ED 00                              	DB	0
   289 000000EE 00                              	DB	0
   290 000000EF 00                              	DB	0
   291 000000F0 00                              	DB	0
   292 000000F1 00                              	DB	0
   293 000000F2 00                              	DB	0
   294 000000F3 00                              	DB	0
   295 000000F4 00                              	DB	0
   296 000000F5 00                              	DB	0
   297 000000F6 00                              	DB	0
   298 000000F7 00                              	DB	0
   299 000000F8 00                              	DB	0
   300 000000F9 00                              	DB	0
   301 000000FA 00                              	DB	0
   302 000000FB 00                              	DB	0
   303 000000FC 00                              	DB	0
   304 000000FD 00                              	DB	0
   305 000000FE 00                              	DB	0
   306 000000FF 00                              	DB	0
   307 00000100                                 LC1:
   308 00000100 0A 42 72 65 61 6B 28 6D 6F 75   	DB	0x0A,"Break(mouse):",0x0A,0x00
       0000010A 73 65 29 3A 0A 00 
   309 00000110                                 LC0:
   310 00000110 0A 42 72 65 61 6B 21 0A 00      	DB	0x0A,"Break!",0x0A,0x00
   311                                          [SECTION .text]
   312 00000000                                 	GLOBAL	_HariMain
   313 00000000                                 _HariMain:
   314 00000000 55                              	PUSH	EBP
   315 00000001 89 E5                           	MOV	EBP,ESP
   316 00000003 57                              	PUSH	EDI
   317 00000004 56                              	PUSH	ESI
   318 00000005 53                              	PUSH	EBX
   319 00000006 81 EC 00000484                  	SUB	ESP,1156
   320 0000000C C7 85 FFFFFBB8 FFFFFFFF         	MOV	DWORD [-1096+EBP],-1
   321 00000016 C7 85 FFFFFBB4 00000000         	MOV	DWORD [-1100+EBP],0
   322 00000020 C7 85 FFFFFBB0 7FFFFFFF         	MOV	DWORD [-1104+EBP],2147483647
   323 0000002A C7 85 FFFFFBAC 00000000         	MOV	DWORD [-1108+EBP],0
   324 00000034 C7 85 FFFFFBA8 FFFFFFFF         	MOV	DWORD [-1112+EBP],-1
   325 0000003E C7 85 FFFFFBA4 FFFFFFFF         	MOV	DWORD [-1116+EBP],-1
   326 00000048 C7 85 FFFFFBA0 00000000         	MOV	DWORD [-1120+EBP],0
   327 00000052 C7 85 FFFFFB9C 00000000         	MOV	DWORD [-1124+EBP],0
   328 0000005C C7 85 FFFFFB88 00000000         	MOV	DWORD [-1144+EBP],0
   329 00000066 A0 00000FF1                     	MOV	AL,BYTE [4081]
   330 0000006B C0 F8 04                        	SAR	AL,4
   331 0000006E 89 C2                           	MOV	EDX,EAX
   332 00000070 83 E2 07                        	AND	EDX,7
   333 00000073 89 95 FFFFFB84                  	MOV	DWORD [-1148+EBP],EDX
   334 00000079 C7 85 FFFFFB80 FFFFFFFF         	MOV	DWORD [-1152+EBP],-1
   335 00000083 C7 85 FFFFFB7C 00000000         	MOV	DWORD [-1156+EBP],0
   336 0000008D E8 [00000000]                   	CALL	_init_gdtidt
   337 00000092 E8 [00000000]                   	CALL	_init_pic
   338 00000097 E8 [00000000]                   	CALL	_io_sti
   339 0000009C 8D 85 FFFFFD84                  	LEA	EAX,DWORD [-636+EBP]
   340 000000A2 6A 00                           	PUSH	0
   341 000000A4 50                              	PUSH	EAX
   342 000000A5 8D 45 D4                        	LEA	EAX,DWORD [-44+EBP]
   343 000000A8 68 00000080                     	PUSH	128
   344 000000AD 50                              	PUSH	EAX
   345 000000AE E8 [00000000]                   	CALL	_fifo32_init
   346 000000B3 8D 55 B4                        	LEA	EDX,DWORD [-76+EBP]
   347 000000B6 6A 00                           	PUSH	0
   348 000000B8 8D 85 FFFFFD04                  	LEA	EAX,DWORD [-764+EBP]
   349 000000BE 50                              	PUSH	EAX
   350 000000BF 6A 20                           	PUSH	32
   351 000000C1 52                              	PUSH	EDX
   352 000000C2 E8 [00000000]                   	CALL	_fifo32_init
   353 000000C7 83 C4 20                        	ADD	ESP,32
   354 000000CA E8 [00000000]                   	CALL	_init_pit
   355 000000CF 8D 45 D4                        	LEA	EAX,DWORD [-44+EBP]
   356 000000D2 68 00000100                     	PUSH	256
   357 000000D7 50                              	PUSH	EAX
   358 000000D8 E8 [00000000]                   	CALL	_init_keyboard
   359 000000DD 8D 55 D4                        	LEA	EDX,DWORD [-44+EBP]
   360 000000E0 8D 85 FFFFFCF4                  	LEA	EAX,DWORD [-780+EBP]
   361 000000E6 50                              	PUSH	EAX
   362 000000E7 68 00000200                     	PUSH	512
   363 000000EC 52                              	PUSH	EDX
   364 000000ED E8 [00000000]                   	CALL	_enable_mouse
   365 000000F2 68 000000F8                     	PUSH	248
   366 000000F7 6A 21                           	PUSH	33
   367 000000F9 E8 [00000000]                   	CALL	_io_out8
   368 000000FE 68 000000EF                     	PUSH	239
   369 00000103 68 000000A1                     	PUSH	161
   370 00000108 E8 [00000000]                   	CALL	_io_out8
   371 0000010D 83 C4 24                        	ADD	ESP,36
   372 00000110 68 BFFFFFFF                     	PUSH	-1073741825
   373 00000115 68 00400000                     	PUSH	4194304
   374 0000011A E8 [00000000]                   	CALL	_memtest
   375 0000011F 68 003C0000                     	PUSH	3932160
   376 00000124 89 85 FFFFFB98                  	MOV	DWORD [-1128+EBP],EAX
   377 0000012A E8 [00000000]                   	CALL	_memman_init
   378 0000012F 68 0009E000                     	PUSH	647168
   379 00000134 68 00001000                     	PUSH	4096
   380 00000139 68 003C0000                     	PUSH	3932160
   381 0000013E E8 [00000000]                   	CALL	_memman_free
   382 00000143 8B 85 FFFFFB98                  	MOV	EAX,DWORD [-1128+EBP]
   383 00000149 2D 00400000                     	SUB	EAX,4194304
   384 0000014E 50                              	PUSH	EAX
   385 0000014F 68 00400000                     	PUSH	4194304
   386 00000154 68 003C0000                     	PUSH	3932160
   387 00000159 E8 [00000000]                   	CALL	_memman_free
   388 0000015E 83 C4 24                        	ADD	ESP,36
   389 00000161 E8 [00000000]                   	CALL	_init_palette
   390 00000166 0F BF 05 00000FF6               	MOVSX	EAX,WORD [4086]
   391 0000016D 50                              	PUSH	EAX
   392 0000016E 0F BF 05 00000FF4               	MOVSX	EAX,WORD [4084]
   393 00000175 50                              	PUSH	EAX
   394 00000176 FF 35 00000FF8                  	PUSH	DWORD [4088]
   395 0000017C 68 003C0000                     	PUSH	3932160
   396 00000181 E8 [00000000]                   	CALL	_shtctl_init
   397 00000186 68 003C0000                     	PUSH	3932160
   398 0000018B 89 85 FFFFFB94                  	MOV	DWORD [-1132+EBP],EAX
   399 00000191 E8 [00000000]                   	CALL	_task_init
   400 00000196 6A 02                           	PUSH	2
   401 00000198 6A 01                           	PUSH	1
   402 0000019A 89 85 FFFFFB8C                  	MOV	DWORD [-1140+EBP],EAX
   403 000001A0 50                              	PUSH	EAX
   404 000001A1 89 45 EC                        	MOV	DWORD [-20+EBP],EAX
   405 000001A4 E8 [00000000]                   	CALL	_task_run
   406 000001A9 83 C4 20                        	ADD	ESP,32
   407 000001AC FF B5 FFFFFB94                  	PUSH	DWORD [-1132+EBP]
   408 000001B2 E8 [00000000]                   	CALL	_sheet_alloc
   409 000001B7 89 C6                           	MOV	ESI,EAX
   410 000001B9 0F BF 15 00000FF6               	MOVSX	EDX,WORD [4086]
   411 000001C0 0F BF 05 00000FF4               	MOVSX	EAX,WORD [4084]
   412 000001C7 0F AF C2                        	IMUL	EAX,EDX
   413 000001CA 50                              	PUSH	EAX
   414 000001CB 68 003C0000                     	PUSH	3932160
   415 000001D0 E8 [00000000]                   	CALL	_memman_alloc_4k
   416 000001D5 6A FF                           	PUSH	-1
   417 000001D7 89 C3                           	MOV	EBX,EAX
   418 000001D9 0F BF 05 00000FF6               	MOVSX	EAX,WORD [4086]
   419 000001E0 50                              	PUSH	EAX
   420 000001E1 0F BF 05 00000FF4               	MOVSX	EAX,WORD [4084]
   421 000001E8 50                              	PUSH	EAX
   422 000001E9 53                              	PUSH	EBX
   423 000001EA 56                              	PUSH	ESI
   424 000001EB E8 [00000000]                   	CALL	_sheet_setbuf
   425 000001F0 83 C4 20                        	ADD	ESP,32
   426 000001F3 0F BF 05 00000FF6               	MOVSX	EAX,WORD [4086]
   427 000001FA 50                              	PUSH	EAX
   428 000001FB 0F BF 05 00000FF4               	MOVSX	EAX,WORD [4084]
   429 00000202 50                              	PUSH	EAX
   430 00000203 53                              	PUSH	EBX
   431 00000204 8D 9D FFFFFBC4                  	LEA	EBX,DWORD [-1084+EBP]
   432 0000020A E8 [00000000]                   	CALL	_init_screen8
   433 0000020F FF B5 FFFFFB98                  	PUSH	DWORD [-1128+EBP]
   434 00000215 FF B5 FFFFFB94                  	PUSH	DWORD [-1132+EBP]
   435 0000021B E8 000009B2                     	CALL	_open_console
   436 00000220 FF B5 FFFFFB94                  	PUSH	DWORD [-1132+EBP]
   437 00000226 89 C7                           	MOV	EDI,EAX
   438 00000228 E8 [00000000]                   	CALL	_sheet_alloc
   439 0000022D 6A 63                           	PUSH	99
   440 0000022F 6A 11                           	PUSH	17
   441 00000231 89 85 FFFFFB90                  	MOV	DWORD [-1136+EBP],EAX
   442 00000237 6A 11                           	PUSH	17
   443 00000239 53                              	PUSH	EBX
   444 0000023A 50                              	PUSH	EAX
   445 0000023B E8 [00000000]                   	CALL	_sheet_setbuf
   446 00000240 83 C4 2C                        	ADD	ESP,44
   447 00000243 6A 63                           	PUSH	99
   448 00000245 53                              	PUSH	EBX
   449 00000246 BB 00000002                     	MOV	EBX,2
   450 0000024B E8 [00000000]                   	CALL	_init_mouse_cursor8
   451 00000250 0F BF 05 00000FF4               	MOVSX	EAX,WORD [4084]
   452 00000257 8D 48 EF                        	LEA	ECX,DWORD [-17+EAX]
   453 0000025A 89 C8                           	MOV	EAX,ECX
   454 0000025C 99                              	CDQ
   455 0000025D F7 FB                           	IDIV	EBX
   456 0000025F 89 85 FFFFFBC0                  	MOV	DWORD [-1088+EBP],EAX
   457 00000265 0F BF 05 00000FF6               	MOVSX	EAX,WORD [4086]
   458 0000026C 6A 00                           	PUSH	0
   459 0000026E 8D 48 D3                        	LEA	ECX,DWORD [-45+EAX]
   460 00000271 6A 00                           	PUSH	0
   461 00000273 89 C8                           	MOV	EAX,ECX
   462 00000275 56                              	PUSH	ESI
   463 00000276 99                              	CDQ
   464 00000277 F7 FB                           	IDIV	EBX
   465 00000279 89 85 FFFFFBBC                  	MOV	DWORD [-1092+EBP],EAX
   466 0000027F E8 [00000000]                   	CALL	_sheet_slide
   467 00000284 6A 64                           	PUSH	100
   468 00000286 6A 64                           	PUSH	100
   469 00000288 57                              	PUSH	EDI
   470 00000289 E8 [00000000]                   	CALL	_sheet_slide
   471 0000028E 83 C4 20                        	ADD	ESP,32
   472 00000291 FF B5 FFFFFBBC                  	PUSH	DWORD [-1092+EBP]
   473 00000297 FF B5 FFFFFBC0                  	PUSH	DWORD [-1088+EBP]
   474 0000029D FF B5 FFFFFB90                  	PUSH	DWORD [-1136+EBP]
   475 000002A3 E8 [00000000]                   	CALL	_sheet_slide
   476 000002A8 6A 00                           	PUSH	0
   477 000002AA 56                              	PUSH	ESI
   478 000002AB E8 [00000000]                   	CALL	_sheet_updown
   479 000002B0 6A 01                           	PUSH	1
   480 000002B2 57                              	PUSH	EDI
   481 000002B3 E8 [00000000]                   	CALL	_sheet_updown
   482 000002B8 6A 02                           	PUSH	2
   483 000002BA FF B5 FFFFFB90                  	PUSH	DWORD [-1136+EBP]
   484 000002C0 E8 [00000000]                   	CALL	_sheet_updown
   485 000002C5 83 C4 24                        	ADD	ESP,36
   486 000002C8 57                              	PUSH	EDI
   487 000002C9 E8 00000802                     	CALL	_keywin_on
   488 000002CE 8D 55 B4                        	LEA	EDX,DWORD [-76+EBP]
   489 000002D1 68 000000ED                     	PUSH	237
   490 000002D6 52                              	PUSH	EDX
   491 000002D7 E8 [00000000]                   	CALL	_fifo32_put
   492 000002DC 8D 45 B4                        	LEA	EAX,DWORD [-76+EBP]
   493 000002DF FF B5 FFFFFB84                  	PUSH	DWORD [-1148+EBP]
   494 000002E5 50                              	PUSH	EAX
   495 000002E6 E8 [00000000]                   	CALL	_fifo32_put
   496 000002EB 8D 45 D4                        	LEA	EAX,DWORD [-44+EBP]
   497 000002EE 8B 95 FFFFFB94                  	MOV	EDX,DWORD [-1132+EBP]
   498 000002F4 A3 00000FEC                     	MOV	DWORD [4076],EAX
   499 000002F9 89 15 00000FE4                  	MOV	DWORD [4068],EDX
   500 000002FF                                 L78:
   501 000002FF 83 C4 14                        	ADD	ESP,20
   502 00000302                                 L2:
   503 00000302 8D 5D B4                        	LEA	EBX,DWORD [-76+EBP]
   504 00000305 53                              	PUSH	EBX
   505 00000306 E8 [00000000]                   	CALL	_fifo32_status
   506 0000030B 5A                              	POP	EDX
   507 0000030C 85 C0                           	TEST	EAX,EAX
   508 0000030E 7E 0D                           	JLE	L5
   509 00000310 83 BD FFFFFB80 00               	CMP	DWORD [-1152+EBP],0
   510 00000317 0F 88 0000078D                  	JS	L82
   511 0000031D                                 L5:
   512 0000031D 8D 5D D4                        	LEA	EBX,DWORD [-44+EBP]
   513 00000320 E8 [00000000]                   	CALL	_io_cli
   514 00000325 53                              	PUSH	EBX
   515 00000326 E8 [00000000]                   	CALL	_fifo32_status
   516 0000032B 5E                              	POP	ESI
   517 0000032C 85 C0                           	TEST	EAX,EAX
   518 0000032E 0F 84 00000717                  	JE	L83
   519 00000334 53                              	PUSH	EBX
   520 00000335 E8 [00000000]                   	CALL	_fifo32_get
   521 0000033A 89 C6                           	MOV	ESI,EAX
   522 0000033C E8 [00000000]                   	CALL	_io_sti
   523 00000341 5B                              	POP	EBX
   524 00000342 85 FF                           	TEST	EDI,EDI
   525 00000344 74 27                           	JE	L12
   526 00000346 83 7F 1C 00                     	CMP	DWORD [28+EDI],0
   527 0000034A 75 21                           	JNE	L12
   528 0000034C 8B 95 FFFFFB94                  	MOV	EDX,DWORD [-1132+EBP]
   529 00000352 31 FF                           	XOR	EDI,EDI
   530 00000354 8B 42 10                        	MOV	EAX,DWORD [16+EDX]
   531 00000357 83 F8 01                        	CMP	EAX,1
   532 0000035A 74 11                           	JE	L12
   533 0000035C 8B 95 FFFFFB94                  	MOV	EDX,DWORD [-1132+EBP]
   534 00000362 8B 7C 82 10                     	MOV	EDI,DWORD [16+EDX+EAX*4]
   535 00000366 57                              	PUSH	EDI
   536 00000367 E8 00000764                     	CALL	_keywin_on
   537 0000036C 59                              	POP	ECX
   538 0000036D                                 L12:
   539 0000036D 8D 86 FFFFFF00                  	LEA	EAX,DWORD [-256+ESI]
   540 00000373 3D 000000FF                     	CMP	EAX,255
   541 00000378 0F 86 00000399                  	JBE	L84
   542 0000037E 8D 86 FFFFFE00                  	LEA	EAX,DWORD [-512+ESI]
   543 00000384 3D 000000FF                     	CMP	EAX,255
   544 00000389 0F 86 00000093                  	JBE	L85
   545 0000038F 8D 86 FFFFFD00                  	LEA	EAX,DWORD [-768+ESI]
   546 00000395 3D 000000FF                     	CMP	EAX,255
   547 0000039A 76 6E                           	JBE	L86
   548 0000039C 8D 86 FFFFFC00                  	LEA	EAX,DWORD [-1024+ESI]
   549 000003A2 3D 000003E7                     	CMP	EAX,999
   550 000003A7 76 43                           	JBE	L87
   551 000003A9 8D 86 FFFFF818                  	LEA	EAX,DWORD [-2024+ESI]
   552 000003AF 3D 000000FF                     	CMP	EAX,255
   553 000003B4 0F 87 FFFFFF48                  	JA	L2
   554 000003BA 6B C6 28                        	IMUL	EAX,ESI,40
   555 000003BD 03 85 FFFFFB94                  	ADD	EAX,DWORD [-1132+EBP]
   556 000003C3 68 0000A500                     	PUSH	42240
   557 000003C8 FF B0 FFFF6414                  	PUSH	DWORD [-39916+EAX]
   558 000003CE 68 003C0000                     	PUSH	3932160
   559 000003D3 8D 98 FFFF6414                  	LEA	EBX,DWORD [-39916+EAX]
   560 000003D9 E8 [00000000]                   	CALL	_memman_free_4k
   561 000003DE 53                              	PUSH	EBX
   562 000003DF E8 [00000000]                   	CALL	_sheet_free
   563 000003E4 83 C4 10                        	ADD	ESP,16
   564 000003E7 E9 FFFFFF16                     	JMP	L2
   565 000003EC                                 L87:
   566 000003EC 69 F6 000000A0                  	IMUL	ESI,ESI,160
   567 000003F2 03 35 [00000000]                	ADD	ESI,DWORD [_taskctl]
   568 000003F8 8D 86 FFFD8FF8                  	LEA	EAX,DWORD [-159752+ESI]
   569 000003FE 50                              	PUSH	EAX
   570 000003FF E8 0000084D                     	CALL	_close_constask
   571 00000404                                 L76:
   572 00000404 58                              	POP	EAX
   573 00000405 E9 FFFFFEF8                     	JMP	L2
   574 0000040A                                 L86:
   575 0000040A 6B C6 28                        	IMUL	EAX,ESI,40
   576 0000040D 8B 95 FFFFFB94                  	MOV	EDX,DWORD [-1132+EBP]
   577 00000413 8D 84 10 FFFF8C14               	LEA	EAX,DWORD [-29676+EAX+EDX*1]
   578 0000041A 50                              	PUSH	EAX
   579 0000041B E8 00000871                     	CALL	_close_console
   580 00000420 EB E2                           	JMP	L76
   581 00000422                                 L85:
   582 00000422 89 F2                           	MOV	EDX,ESI
   583 00000424 0F B6 C2                        	MOVZX	EAX,DL
   584 00000427 50                              	PUSH	EAX
   585 00000428 8D 85 FFFFFCF4                  	LEA	EAX,DWORD [-780+EBP]
   586 0000042E 50                              	PUSH	EAX
   587 0000042F E8 [00000000]                   	CALL	_mouse_decode
   588 00000434 59                              	POP	ECX
   589 00000435 5B                              	POP	EBX
   590 00000436 85 C0                           	TEST	EAX,EAX
   591 00000438 0F 84 FFFFFEC4                  	JE	L2
   592 0000043E 8B 85 FFFFFCFC                  	MOV	EAX,DWORD [-772+EBP]
   593 00000444 8B 95 FFFFFCF8                  	MOV	EDX,DWORD [-776+EBP]
   594 0000044A 01 85 FFFFFBBC                  	ADD	DWORD [-1092+EBP],EAX
   595 00000450 01 95 FFFFFBC0                  	ADD	DWORD [-1088+EBP],EDX
   596 00000456 0F 88 000002AC                  	JS	L88
   597 0000045C                                 L46:
   598 0000045C 83 BD FFFFFBBC 00               	CMP	DWORD [-1092+EBP],0
   599 00000463 0F 88 00000290                  	JS	L89
   600 00000469                                 L47:
   601 00000469 0F BF 05 00000FF4               	MOVSX	EAX,WORD [4084]
   602 00000470 48                              	DEC	EAX
   603 00000471 39 85 FFFFFBC0                  	CMP	DWORD [-1088+EBP],EAX
   604 00000477 7E 06                           	JLE	L48
   605 00000479 89 85 FFFFFBC0                  	MOV	DWORD [-1088+EBP],EAX
   606 0000047F                                 L48:
   607 0000047F 0F BF 05 00000FF6               	MOVSX	EAX,WORD [4086]
   608 00000486 48                              	DEC	EAX
   609 00000487 39 85 FFFFFBBC                  	CMP	DWORD [-1092+EBP],EAX
   610 0000048D 7E 06                           	JLE	L49
   611 0000048F 89 85 FFFFFBBC                  	MOV	DWORD [-1092+EBP],EAX
   612 00000495                                 L49:
   613 00000495 8B 85 FFFFFBC0                  	MOV	EAX,DWORD [-1088+EBP]
   614 0000049B 8B 95 FFFFFBBC                  	MOV	EDX,DWORD [-1092+EBP]
   615 000004A1 89 85 FFFFFBB8                  	MOV	DWORD [-1096+EBP],EAX
   616 000004A7 89 95 FFFFFBB4                  	MOV	DWORD [-1100+EBP],EDX
   617 000004AD F7 85 FFFFFD00 00000001         	TEST	DWORD [-768+EBP],1
   618 000004B7 75 43                           	JNE	L90
   619 000004B9 C7 85 FFFFFBA8 FFFFFFFF         	MOV	DWORD [-1112+EBP],-1
   620 000004C3 81 BD FFFFFBB0 7FFFFFFF         	CMP	DWORD [-1104+EBP],2147483647
   621 000004CD 0F 84 FFFFFE2F                  	JE	L2
   622 000004D3                                 L77:
   623 000004D3 FF B5 FFFFFBAC                  	PUSH	DWORD [-1108+EBP]
   624 000004D9 FF B5 FFFFFBB0                  	PUSH	DWORD [-1104+EBP]
   625 000004DF FF B5 FFFFFB9C                  	PUSH	DWORD [-1124+EBP]
   626 000004E5 E8 [00000000]                   	CALL	_sheet_slide
   627 000004EA C7 85 FFFFFBB0 7FFFFFFF         	MOV	DWORD [-1104+EBP],2147483647
   628 000004F4                                 L79:
   629 000004F4 83 C4 0C                        	ADD	ESP,12
   630 000004F7 E9 FFFFFE06                     	JMP	L2
   631 000004FC                                 L90:
   632 000004FC 83 BD FFFFFBA8 00               	CMP	DWORD [-1112+EBP],0
   633 00000503 78 46                           	JS	L91
   634 00000505 8B 9D FFFFFBC0                  	MOV	EBX,DWORD [-1088+EBP]
   635 0000050B 8B 85 FFFFFBA0                  	MOV	EAX,DWORD [-1120+EBP]
   636 00000511 2B 9D FFFFFBA8                  	SUB	EBX,DWORD [-1112+EBP]
   637 00000517 8B B5 FFFFFBBC                  	MOV	ESI,DWORD [-1092+EBP]
   638 0000051D 2B B5 FFFFFBA4                  	SUB	ESI,DWORD [-1116+EBP]
   639 00000523 8B 95 FFFFFBBC                  	MOV	EDX,DWORD [-1092+EBP]
   640 00000529 8D 5C 03 02                     	LEA	EBX,DWORD [2+EBX+EAX*1]
   641 0000052D 89 95 FFFFFBA4                  	MOV	DWORD [-1116+EBP],EDX
   642 00000533 89 9D FFFFFBB0                  	MOV	DWORD [-1104+EBP],EBX
   643 00000539 01 B5 FFFFFBAC                  	ADD	DWORD [-1108+EBP],ESI
   644 0000053F 83 A5 FFFFFBB0 FC               	AND	DWORD [-1104+EBP],-4
   645 00000546 E9 FFFFFDB7                     	JMP	L2
   646 0000054B                                 L91:
   647 0000054B 8B 85 FFFFFB94                  	MOV	EAX,DWORD [-1132+EBP]
   648 00000551 8B 40 10                        	MOV	EAX,DWORD [16+EAX]
   649 00000554 89 85 FFFFFB74                  	MOV	DWORD [-1164+EBP],EAX
   650 0000055A 89 C1                           	MOV	ECX,EAX
   651 0000055C                                 L81:
   652 0000055C 49                              	DEC	ECX
   653 0000055D 85 C9                           	TEST	ECX,ECX
   654 0000055F 0F 8E FFFFFD9D                  	JLE	L2
   655 00000565 8B 95 FFFFFB94                  	MOV	EDX,DWORD [-1132+EBP]
   656 0000056B 8B B5 FFFFFBBC                  	MOV	ESI,DWORD [-1092+EBP]
   657 00000571 8B 9D FFFFFBC0                  	MOV	EBX,DWORD [-1088+EBP]
   658 00000577 8B 54 8A 14                     	MOV	EDX,DWORD [20+EDX+ECX*4]
   659 0000057B 89 95 FFFFFB9C                  	MOV	DWORD [-1124+EBP],EDX
   660 00000581 2B 72 10                        	SUB	ESI,DWORD [16+EDX]
   661 00000584 2B 5A 0C                        	SUB	EBX,DWORD [12+EDX]
   662 00000587 78 D3                           	JS	L81
   663 00000589 8B 42 04                        	MOV	EAX,DWORD [4+EDX]
   664 0000058C 39 C3                           	CMP	EBX,EAX
   665 0000058E 7D CC                           	JGE	L81
   666 00000590 85 F6                           	TEST	ESI,ESI
   667 00000592 78 C8                           	JS	L81
   668 00000594 3B 72 08                        	CMP	ESI,DWORD [8+EDX]
   669 00000597 7D C3                           	JGE	L81
   670 00000599 0F AF C6                        	IMUL	EAX,ESI
   671 0000059C 89 85 FFFFFB70                  	MOV	DWORD [-1168+EBP],EAX
   672 000005A2 8B 12                           	MOV	EDX,DWORD [EDX]
   673 000005A4 8B 85 FFFFFB70                  	MOV	EAX,DWORD [-1168+EBP]
   674 000005AA 01 D8                           	ADD	EAX,EBX
   675 000005AC 0F B6 04 10                     	MOVZX	EAX,BYTE [EAX+EDX*1]
   676 000005B0 8B 95 FFFFFB9C                  	MOV	EDX,DWORD [-1124+EBP]
   677 000005B6 3B 42 14                        	CMP	EAX,DWORD [20+EDX]
   678 000005B9 74 A1                           	JE	L81
   679 000005BB 8B 85 FFFFFB74                  	MOV	EAX,DWORD [-1164+EBP]
   680 000005C1 48                              	DEC	EAX
   681 000005C2 50                              	PUSH	EAX
   682 000005C3 52                              	PUSH	EDX
   683 000005C4 E8 [00000000]                   	CALL	_sheet_updown
   684 000005C9 39 BD FFFFFB9C                  	CMP	DWORD [-1124+EBP],EDI
   685 000005CF 58                              	POP	EAX
   686 000005D0 5A                              	POP	EDX
   687 000005D1 74 14                           	JE	L58
   688 000005D3 57                              	PUSH	EDI
   689 000005D4 E8 00000525                     	CALL	_keywin_off
   690 000005D9 8B BD FFFFFB9C                  	MOV	EDI,DWORD [-1124+EBP]
   691 000005DF 57                              	PUSH	EDI
   692 000005E0 E8 000004EB                     	CALL	_keywin_on
   693 000005E5 5A                              	POP	EDX
   694 000005E6 59                              	POP	ECX
   695 000005E7                                 L58:
   696 000005E7 83 FB 02                        	CMP	EBX,2
   697 000005EA 7E 50                           	JLE	L59
   698 000005EC 8B 95 FFFFFB9C                  	MOV	EDX,DWORD [-1124+EBP]
   699 000005F2 8B 42 04                        	MOV	EAX,DWORD [4+EDX]
   700 000005F5 83 E8 03                        	SUB	EAX,3
   701 000005F8 39 C3                           	CMP	EBX,EAX
   702 000005FA 7D 40                           	JGE	L59
   703 000005FC 83 FE 02                        	CMP	ESI,2
   704 000005FF 7E 3B                           	JLE	L59
   705 00000601 83 FE 14                        	CMP	ESI,20
   706 00000604 7F 36                           	JG	L59
   707 00000606 8B 85 FFFFFBC0                  	MOV	EAX,DWORD [-1088+EBP]
   708 0000060C 8B 95 FFFFFBBC                  	MOV	EDX,DWORD [-1092+EBP]
   709 00000612 89 85 FFFFFBA8                  	MOV	DWORD [-1112+EBP],EAX
   710 00000618 89 95 FFFFFBA4                  	MOV	DWORD [-1116+EBP],EDX
   711 0000061E 8B 85 FFFFFB9C                  	MOV	EAX,DWORD [-1124+EBP]
   712 00000624 8B 95 FFFFFB9C                  	MOV	EDX,DWORD [-1124+EBP]
   713 0000062A 8B 40 0C                        	MOV	EAX,DWORD [12+EAX]
   714 0000062D 8B 52 10                        	MOV	EDX,DWORD [16+EDX]
   715 00000630 89 85 FFFFFBA0                  	MOV	DWORD [-1120+EBP],EAX
   716 00000636 89 95 FFFFFBAC                  	MOV	DWORD [-1108+EBP],EDX
   717 0000063C                                 L59:
   718 0000063C 8B 85 FFFFFB9C                  	MOV	EAX,DWORD [-1124+EBP]
   719 00000642 8B 50 04                        	MOV	EDX,DWORD [4+EAX]
   720 00000645 8D 42 EB                        	LEA	EAX,DWORD [-21+EDX]
   721 00000648 39 D8                           	CMP	EAX,EBX
   722 0000064A 0F 8F FFFFFCB2                  	JG	L2
   723 00000650 8D 42 FB                        	LEA	EAX,DWORD [-5+EDX]
   724 00000653 39 C3                           	CMP	EBX,EAX
   725 00000655 0F 8D FFFFFCA7                  	JGE	L2
   726 0000065B 83 FE 04                        	CMP	ESI,4
   727 0000065E 0F 8E FFFFFC9E                  	JLE	L2
   728 00000664 83 FE 12                        	CMP	ESI,18
   729 00000667 0F 8F FFFFFC95                  	JG	L2
   730 0000066D 8B 95 FFFFFB9C                  	MOV	EDX,DWORD [-1124+EBP]
   731 00000673 F6 42 1C 10                     	TEST	BYTE [28+EDX],16
   732 00000677 74 3F                           	JE	L92
   733 00000679 8B 95 FFFFFB9C                  	MOV	EDX,DWORD [-1124+EBP]
   734 0000067F 8B 5A 24                        	MOV	EBX,DWORD [36+EDX]
   735 00000682 68 [00000100]                   	PUSH	LC1
   736 00000687 FF B3 00000094                  	PUSH	DWORD [148+EBX]
   737 0000068D E8 [00000000]                   	CALL	_cons_putstr0
   738 00000692 E8 [00000000]                   	CALL	_io_cli
   739 00000697 8D 43 30                        	LEA	EAX,DWORD [48+EBX]
   740 0000069A 89 43 54                        	MOV	DWORD [84+EBX],EAX
   741 0000069D C7 43 4C [00000000]             	MOV	DWORD [76+EBX],_asm_end_app
   742 000006A4 E8 [00000000]                   	CALL	_io_sti
   743 000006A9 6A 00                           	PUSH	0
   744 000006AB 6A FF                           	PUSH	-1
   745 000006AD 53                              	PUSH	EBX
   746 000006AE E8 [00000000]                   	CALL	_task_run
   747 000006B3 E9 FFFFFC47                     	JMP	L78
   748 000006B8                                 L92:
   749 000006B8 8B 5A 24                        	MOV	EBX,DWORD [36+EDX]
   750 000006BB 6A FF                           	PUSH	-1
   751 000006BD 52                              	PUSH	EDX
   752 000006BE E8 [00000000]                   	CALL	_sheet_updown
   753 000006C3 57                              	PUSH	EDI
   754 000006C4 E8 00000435                     	CALL	_keywin_off
   755 000006C9 8B 95 FFFFFB94                  	MOV	EDX,DWORD [-1132+EBP]
   756 000006CF 8B 42 10                        	MOV	EAX,DWORD [16+EDX]
   757 000006D2 8B 7C 82 10                     	MOV	EDI,DWORD [16+EDX+EAX*4]
   758 000006D6 57                              	PUSH	EDI
   759 000006D7 E8 000003F4                     	CALL	_keywin_on
   760 000006DC E8 [00000000]                   	CALL	_io_cli
   761 000006E1 8D 43 10                        	LEA	EAX,DWORD [16+EBX]
   762 000006E4 6A 04                           	PUSH	4
   763 000006E6 50                              	PUSH	EAX
   764 000006E7 E8 [00000000]                   	CALL	_fifo32_put
   765 000006EC E8 [00000000]                   	CALL	_io_sti
   766 000006F1 83 C4 18                        	ADD	ESP,24
   767 000006F4 E9 FFFFFC09                     	JMP	L2
   768 000006F9                                 L89:
   769 000006F9 C7 85 FFFFFBBC 00000000         	MOV	DWORD [-1092+EBP],0
   770 00000703 E9 FFFFFD61                     	JMP	L47
   771 00000708                                 L88:
   772 00000708 C7 85 FFFFFBC0 00000000         	MOV	DWORD [-1088+EBP],0
   773 00000712 E9 FFFFFD45                     	JMP	L46
   774 00000717                                 L84:
   775 00000717 81 FE 0000017F                  	CMP	ESI,383
   776 0000071D 0F 8F 0000031F                  	JG	L16
   777 00000723 83 BD FFFFFB88 00               	CMP	DWORD [-1144+EBP],0
   778 0000072A 0F 85 00000307                  	JNE	L17
   779 00000730 8A 86 [FFFFFF00]                	MOV	AL,BYTE [_keytable0.0-256+ESI]
   780 00000736                                 L80:
   781 00000736 88 45 84                        	MOV	BYTE [-124+EBP],AL
   782 00000739                                 L19:
   783 00000739 8A 55 84                        	MOV	DL,BYTE [-124+EBP]
   784 0000073C 8D 42 BF                        	LEA	EAX,DWORD [-65+EDX]
   785 0000073F 3C 19                           	CMP	AL,25
   786 00000741 77 1D                           	JA	L20
   787 00000743 F7 85 FFFFFB84 00000004         	TEST	DWORD [-1148+EBP],4
   788 0000074D 0F 85 000002D5                  	JNE	L74
   789 00000753 83 BD FFFFFB88 00               	CMP	DWORD [-1144+EBP],0
   790 0000075A 0F 84 000002BD                  	JE	L22
   791 00000760                                 L20:
   792 00000760 8A 45 84                        	MOV	AL,BYTE [-124+EBP]
   793 00000763 84 C0                           	TEST	AL,AL
   794 00000765 74 24                           	JE	L24
   795 00000767 85 FF                           	TEST	EDI,EDI
   796 00000769 74 20                           	JE	L24
   797 0000076B 83 BD FFFFFB7C 00               	CMP	DWORD [-1156+EBP],0
   798 00000772 75 17                           	JNE	L24
   799 00000774 0F BE C0                        	MOVSX	EAX,AL
   800 00000777 05 00000100                     	ADD	EAX,256
   801 0000077C 50                              	PUSH	EAX
   802 0000077D 8B 47 24                        	MOV	EAX,DWORD [36+EDI]
   803 00000780 83 C0 10                        	ADD	EAX,16
   804 00000783 50                              	PUSH	EAX
   805 00000784 E8 [00000000]                   	CALL	_fifo32_put
   806 00000789 58                              	POP	EAX
   807 0000078A 5A                              	POP	EDX
   808 0000078B                                 L24:
   809 0000078B 81 FE 0000010F                  	CMP	ESI,271
   810 00000791 0F 84 00000251                  	JE	L93
   811 00000797                                 L25:
   812 00000797 81 FE 0000012A                  	CMP	ESI,298
   813 0000079D 0F 84 00000239                  	JE	L94
   814 000007A3                                 L27:
   815 000007A3 81 FE 00000136                  	CMP	ESI,310
   816 000007A9 0F 84 00000221                  	JE	L95
   817 000007AF                                 L28:
   818 000007AF 81 FE 000001AA                  	CMP	ESI,426
   819 000007B5 0F 84 00000209                  	JE	L96
   820 000007BB                                 L29:
   821 000007BB 81 FE 000001B6                  	CMP	ESI,438
   822 000007C1 0F 84 000001F1                  	JE	L97
   823 000007C7                                 L30:
   824 000007C7 81 FE 0000011D                  	CMP	ESI,285
   825 000007CD 0F 84 000001D9                  	JE	L98
   826 000007D3                                 L31:
   827 000007D3 81 FE 0000019D                  	CMP	ESI,413
   828 000007D9 0F 84 000001C1                  	JE	L99
   829 000007DF                                 L32:
   830 000007DF 81 FE 0000013A                  	CMP	ESI,314
   831 000007E5 0F 84 0000018C                  	JE	L100
   832 000007EB                                 L33:
   833 000007EB 81 FE 00000145                  	CMP	ESI,325
   834 000007F1 0F 84 00000157                  	JE	L101
   835 000007F7                                 L34:
   836 000007F7 81 FE 00000146                  	CMP	ESI,326
   837 000007FD 0F 84 00000122                  	JE	L102
   838 00000803                                 L35:
   839 00000803 81 FE 000001FA                  	CMP	ESI,506
   840 00000809 0F 84 00000107                  	JE	L103
   841 0000080F                                 L36:
   842 0000080F 81 FE 000001FE                  	CMP	ESI,510
   843 00000815 0F 84 000000E2                  	JE	L104
   844 0000081B                                 L37:
   845 0000081B 81 FE 0000015B                  	CMP	ESI,347
   846 00000821 0F 84 000000B3                  	JE	L105
   847 00000827                                 L38:
   848 00000827 81 FE 00000138                  	CMP	ESI,312
   849 0000082D 74 61                           	JE	L106
   850 0000082F                                 L39:
   851 0000082F 81 FE 00000131                  	CMP	ESI,305
   852 00000835 0F 85 FFFFFAC7                  	JNE	L2
   853 0000083B 83 BD FFFFFB7C 00               	CMP	DWORD [-1156+EBP],0
   854 00000842 0F 84 FFFFFABA                  	JE	L2
   855 00000848 85 FF                           	TEST	EDI,EDI
   856 0000084A 74 07                           	JE	L42
   857 0000084C 57                              	PUSH	EDI
   858 0000084D E8 000002AC                     	CALL	_keywin_off
   859 00000852 5E                              	POP	ESI
   860 00000853                                 L42:
   861 00000853 FF B5 FFFFFB98                  	PUSH	DWORD [-1128+EBP]
   862 00000859 FF B5 FFFFFB94                  	PUSH	DWORD [-1132+EBP]
   863 0000085F E8 0000036E                     	CALL	_open_console
   864 00000864 6A 64                           	PUSH	100
   865 00000866 68 000000AA                     	PUSH	170
   866 0000086B 89 C7                           	MOV	EDI,EAX
   867 0000086D 50                              	PUSH	EAX
   868 0000086E E8 [00000000]                   	CALL	_sheet_slide
   869 00000873 8B 85 FFFFFB94                  	MOV	EAX,DWORD [-1132+EBP]
   870 00000879 FF 70 10                        	PUSH	DWORD [16+EAX]
   871 0000087C 57                              	PUSH	EDI
   872 0000087D E8 [00000000]                   	CALL	_sheet_updown
   873 00000882 57                              	PUSH	EDI
   874 00000883 E8 00000248                     	CALL	_keywin_on
   875 00000888 83 C4 20                        	ADD	ESP,32
   876 0000088B E9 FFFFFA72                     	JMP	L2
   877 00000890                                 L106:
   878 00000890 85 FF                           	TEST	EDI,EDI
   879 00000892 74 9B                           	JE	L39
   880 00000894 8B 5F 24                        	MOV	EBX,DWORD [36+EDI]
   881 00000897 85 DB                           	TEST	EBX,EBX
   882 00000899 74 94                           	JE	L39
   883 0000089B 83 7B 34 00                     	CMP	DWORD [52+EBX],0
   884 0000089F 74 8E                           	JE	L39
   885 000008A1 68 [00000110]                   	PUSH	LC0
   886 000008A6 FF B3 00000094                  	PUSH	DWORD [148+EBX]
   887 000008AC E8 [00000000]                   	CALL	_cons_putstr0
   888 000008B1 E8 [00000000]                   	CALL	_io_cli
   889 000008B6 8D 43 30                        	LEA	EAX,DWORD [48+EBX]
   890 000008B9 89 43 54                        	MOV	DWORD [84+EBX],EAX
   891 000008BC C7 43 4C [00000000]             	MOV	DWORD [76+EBX],_asm_end_app
   892 000008C3 E8 [00000000]                   	CALL	_io_sti
   893 000008C8 6A 00                           	PUSH	0
   894 000008CA 6A FF                           	PUSH	-1
   895 000008CC 53                              	PUSH	EBX
   896 000008CD E8 [00000000]                   	CALL	_task_run
   897 000008D2 83 C4 14                        	ADD	ESP,20
   898 000008D5 E9 FFFFFF55                     	JMP	L39
   899 000008DA                                 L105:
   900 000008DA 8B 95 FFFFFB94                  	MOV	EDX,DWORD [-1132+EBP]
   901 000008E0 8B 42 10                        	MOV	EAX,DWORD [16+EDX]
   902 000008E3 83 F8 02                        	CMP	EAX,2
   903 000008E6 0F 8E FFFFFF3B                  	JLE	L38
   904 000008EC 48                              	DEC	EAX
   905 000008ED 50                              	PUSH	EAX
   906 000008EE FF 72 18                        	PUSH	DWORD [24+EDX]
   907 000008F1 E8 [00000000]                   	CALL	_sheet_updown
   908 000008F6 58                              	POP	EAX
   909 000008F7 5A                              	POP	EDX
   910 000008F8 E9 FFFFFF2A                     	JMP	L38
   911 000008FD                                 L104:
   912 000008FD E8 [00000000]                   	CALL	_wait_KBC_sendready
   913 00000902 FF B5 FFFFFB80                  	PUSH	DWORD [-1152+EBP]
   914 00000908 6A 60                           	PUSH	96
   915 0000090A E8 [00000000]                   	CALL	_io_out8
   916 0000090F 59                              	POP	ECX
   917 00000910 5B                              	POP	EBX
   918 00000911 E9 FFFFFF05                     	JMP	L37
   919 00000916                                 L103:
   920 00000916 C7 85 FFFFFB80 FFFFFFFF         	MOV	DWORD [-1152+EBP],-1
   921 00000920 E9 FFFFFEEA                     	JMP	L36
   922 00000925                                 L102:
   923 00000925 68 000000ED                     	PUSH	237
   924 0000092A 8D 5D B4                        	LEA	EBX,DWORD [-76+EBP]
   925 0000092D 53                              	PUSH	EBX
   926 0000092E 83 B5 FFFFFB84 01               	XOR	DWORD [-1148+EBP],1
   927 00000935 E8 [00000000]                   	CALL	_fifo32_put
   928 0000093A FF B5 FFFFFB84                  	PUSH	DWORD [-1148+EBP]
   929 00000940 53                              	PUSH	EBX
   930 00000941 E8 [00000000]                   	CALL	_fifo32_put
   931 00000946 83 C4 10                        	ADD	ESP,16
   932 00000949 E9 FFFFFEB5                     	JMP	L35
   933 0000094E                                 L101:
   934 0000094E 68 000000ED                     	PUSH	237
   935 00000953 8D 5D B4                        	LEA	EBX,DWORD [-76+EBP]
   936 00000956 53                              	PUSH	EBX
   937 00000957 83 B5 FFFFFB84 02               	XOR	DWORD [-1148+EBP],2
   938 0000095E E8 [00000000]                   	CALL	_fifo32_put
   939 00000963 FF B5 FFFFFB84                  	PUSH	DWORD [-1148+EBP]
   940 00000969 53                              	PUSH	EBX
   941 0000096A E8 [00000000]                   	CALL	_fifo32_put
   942 0000096F 83 C4 10                        	ADD	ESP,16
   943 00000972 E9 FFFFFE80                     	JMP	L34
   944 00000977                                 L100:
   945 00000977 68 000000ED                     	PUSH	237
   946 0000097C 8D 5D B4                        	LEA	EBX,DWORD [-76+EBP]
   947 0000097F 53                              	PUSH	EBX
   948 00000980 83 B5 FFFFFB84 04               	XOR	DWORD [-1148+EBP],4
   949 00000987 E8 [00000000]                   	CALL	_fifo32_put
   950 0000098C FF B5 FFFFFB84                  	PUSH	DWORD [-1148+EBP]
   951 00000992 53                              	PUSH	EBX
   952 00000993 E8 [00000000]                   	CALL	_fifo32_put
   953 00000998 83 C4 10                        	ADD	ESP,16
   954 0000099B E9 FFFFFE4B                     	JMP	L33
   955 000009A0                                 L99:
   956 000009A0 83 A5 FFFFFB7C FE               	AND	DWORD [-1156+EBP],-2
   957 000009A7 E9 FFFFFE33                     	JMP	L32
   958 000009AC                                 L98:
   959 000009AC 83 8D FFFFFB7C 01               	OR	DWORD [-1156+EBP],1
   960 000009B3 E9 FFFFFE1B                     	JMP	L31
   961 000009B8                                 L97:
   962 000009B8 83 A5 FFFFFB88 FD               	AND	DWORD [-1144+EBP],-3
   963 000009BF E9 FFFFFE03                     	JMP	L30
   964 000009C4                                 L96:
   965 000009C4 83 A5 FFFFFB88 FE               	AND	DWORD [-1144+EBP],-2
   966 000009CB E9 FFFFFDEB                     	JMP	L29
   967 000009D0                                 L95:
   968 000009D0 83 8D FFFFFB88 02               	OR	DWORD [-1144+EBP],2
   969 000009D7 E9 FFFFFDD3                     	JMP	L28
   970 000009DC                                 L94:
   971 000009DC 83 8D FFFFFB88 01               	OR	DWORD [-1144+EBP],1
   972 000009E3 E9 FFFFFDBB                     	JMP	L27
   973 000009E8                                 L93:
   974 000009E8 85 FF                           	TEST	EDI,EDI
   975 000009EA 0F 84 FFFFFDA7                  	JE	L25
   976 000009F0 57                              	PUSH	EDI
   977 000009F1 E8 00000108                     	CALL	_keywin_off
   978 000009F6 8B 4F 18                        	MOV	ECX,DWORD [24+EDI]
   979 000009F9 49                              	DEC	ECX
   980 000009FA 58                              	POP	EAX
   981 000009FB 75 0A                           	JNE	L26
   982 000009FD 8B 85 FFFFFB94                  	MOV	EAX,DWORD [-1132+EBP]
   983 00000A03 8B 48 10                        	MOV	ECX,DWORD [16+EAX]
   984 00000A06 49                              	DEC	ECX
   985 00000A07                                 L26:
   986 00000A07 8B 95 FFFFFB94                  	MOV	EDX,DWORD [-1132+EBP]
   987 00000A0D 8B 7C 8A 14                     	MOV	EDI,DWORD [20+EDX+ECX*4]
   988 00000A11 57                              	PUSH	EDI
   989 00000A12 E8 000000B9                     	CALL	_keywin_on
   990 00000A17 58                              	POP	EAX
   991 00000A18 E9 FFFFFD7A                     	JMP	L25
   992 00000A1D                                 L22:
   993 00000A1D 8D 42 20                        	LEA	EAX,DWORD [32+EDX]
   994 00000A20 88 45 84                        	MOV	BYTE [-124+EBP],AL
   995 00000A23 E9 FFFFFD38                     	JMP	L20
   996 00000A28                                 L74:
   997 00000A28 83 BD FFFFFB88 00               	CMP	DWORD [-1144+EBP],0
   998 00000A2F 0F 84 FFFFFD2B                  	JE	L20
   999 00000A35 EB E6                           	JMP	L22
  1000 00000A37                                 L17:
  1001 00000A37 8A 86 [FFFFFF80]                	MOV	AL,BYTE [_keytable1.1-256+ESI]
  1002 00000A3D E9 FFFFFCF4                     	JMP	L80
  1003 00000A42                                 L16:
  1004 00000A42 C6 45 84 00                     	MOV	BYTE [-124+EBP],0
  1005 00000A46 E9 FFFFFCEE                     	JMP	L19
  1006 00000A4B                                 L83:
  1007 00000A4B 83 BD FFFFFBB8 00               	CMP	DWORD [-1096+EBP],0
  1008 00000A52 79 2B                           	JNS	L107
  1009 00000A54 81 BD FFFFFBB0 7FFFFFFF         	CMP	DWORD [-1104+EBP],2147483647
  1010 00000A5E 75 15                           	JNE	L108
  1011 00000A60 FF B5 FFFFFB8C                  	PUSH	DWORD [-1140+EBP]
  1012 00000A66 E8 [00000000]                   	CALL	_task_sleep
  1013 00000A6B E8 [00000000]                   	CALL	_io_sti
  1014 00000A70 E9 FFFFF98F                     	JMP	L76
  1015 00000A75                                 L108:
  1016 00000A75 E8 [00000000]                   	CALL	_io_sti
  1017 00000A7A E9 FFFFFA54                     	JMP	L77
  1018 00000A7F                                 L107:
  1019 00000A7F E8 [00000000]                   	CALL	_io_sti
  1020 00000A84 FF B5 FFFFFBB4                  	PUSH	DWORD [-1100+EBP]
  1021 00000A8A FF B5 FFFFFBB8                  	PUSH	DWORD [-1096+EBP]
  1022 00000A90 FF B5 FFFFFB90                  	PUSH	DWORD [-1136+EBP]
  1023 00000A96 E8 [00000000]                   	CALL	_sheet_slide
  1024 00000A9B C7 85 FFFFFBB8 FFFFFFFF         	MOV	DWORD [-1096+EBP],-1
  1025 00000AA5 E9 FFFFFA4A                     	JMP	L79
  1026 00000AAA                                 L82:
  1027 00000AAA 53                              	PUSH	EBX
  1028 00000AAB E8 [00000000]                   	CALL	_fifo32_get
  1029 00000AB0 89 85 FFFFFB80                  	MOV	DWORD [-1152+EBP],EAX
  1030 00000AB6 E8 [00000000]                   	CALL	_wait_KBC_sendready
  1031 00000ABB FF B5 FFFFFB80                  	PUSH	DWORD [-1152+EBP]
  1032 00000AC1 6A 60                           	PUSH	96
  1033 00000AC3 E8 [00000000]                   	CALL	_io_out8
  1034 00000AC8 83 C4 0C                        	ADD	ESP,12
  1035 00000ACB E9 FFFFF84D                     	JMP	L5
  1036 00000AD0                                 	GLOBAL	_keywin_on
  1037 00000AD0                                 _keywin_on:
  1038 00000AD0 55                              	PUSH	EBP
  1039 00000AD1 89 E5                           	MOV	EBP,ESP
  1040 00000AD3 53                              	PUSH	EBX
  1041 00000AD4 6A 01                           	PUSH	1
  1042 00000AD6 8B 5D 08                        	MOV	EBX,DWORD [8+EBP]
  1043 00000AD9 53                              	PUSH	EBX
  1044 00000ADA E8 [00000000]                   	CALL	_change_wtitle8
  1045 00000ADF F6 43 1C 20                     	TEST	BYTE [28+EBX],32
  1046 00000AE3 58                              	POP	EAX
  1047 00000AE4 5A                              	POP	EDX
  1048 00000AE5 75 05                           	JNE	L111
  1049 00000AE7                                 L109:
  1050 00000AE7 8B 5D FC                        	MOV	EBX,DWORD [-4+EBP]
  1051 00000AEA C9                              	LEAVE
  1052 00000AEB C3                              	RET
  1053 00000AEC                                 L111:
  1054 00000AEC 6A 02                           	PUSH	2
  1055 00000AEE 8B 43 24                        	MOV	EAX,DWORD [36+EBX]
  1056 00000AF1 83 C0 10                        	ADD	EAX,16
  1057 00000AF4 50                              	PUSH	EAX
  1058 00000AF5 E8 [00000000]                   	CALL	_fifo32_put
  1059 00000AFA 59                              	POP	ECX
  1060 00000AFB 5B                              	POP	EBX
  1061 00000AFC EB E9                           	JMP	L109
  1062 00000AFE                                 	GLOBAL	_keywin_off
  1063 00000AFE                                 _keywin_off:
  1064 00000AFE 55                              	PUSH	EBP
  1065 00000AFF 89 E5                           	MOV	EBP,ESP
  1066 00000B01 53                              	PUSH	EBX
  1067 00000B02 6A 00                           	PUSH	0
  1068 00000B04 8B 5D 08                        	MOV	EBX,DWORD [8+EBP]
  1069 00000B07 53                              	PUSH	EBX
  1070 00000B08 E8 [00000000]                   	CALL	_change_wtitle8
  1071 00000B0D F6 43 1C 20                     	TEST	BYTE [28+EBX],32
  1072 00000B11 58                              	POP	EAX
  1073 00000B12 5A                              	POP	EDX
  1074 00000B13 75 05                           	JNE	L114
  1075 00000B15                                 L112:
  1076 00000B15 8B 5D FC                        	MOV	EBX,DWORD [-4+EBP]
  1077 00000B18 C9                              	LEAVE
  1078 00000B19 C3                              	RET
  1079 00000B1A                                 L114:
  1080 00000B1A 6A 03                           	PUSH	3
  1081 00000B1C 8B 43 24                        	MOV	EAX,DWORD [36+EBX]
  1082 00000B1F 83 C0 10                        	ADD	EAX,16
  1083 00000B22 50                              	PUSH	EAX
  1084 00000B23 E8 [00000000]                   	CALL	_fifo32_put
  1085 00000B28 59                              	POP	ECX
  1086 00000B29 5B                              	POP	EBX
  1087 00000B2A EB E9                           	JMP	L112
  1088 00000B2C                                 	GLOBAL	_open_constask
  1089 00000B2C                                 _open_constask:
  1090 00000B2C 55                              	PUSH	EBP
  1091 00000B2D 89 E5                           	MOV	EBP,ESP
  1092 00000B2F 56                              	PUSH	ESI
  1093 00000B30 53                              	PUSH	EBX
  1094 00000B31 E8 [00000000]                   	CALL	_task_alloc
  1095 00000B36 68 00000200                     	PUSH	512
  1096 00000B3B 68 003C0000                     	PUSH	3932160
  1097 00000B40 89 C3                           	MOV	EBX,EAX
  1098 00000B42 E8 [00000000]                   	CALL	_memman_alloc_4k
  1099 00000B47 68 00010000                     	PUSH	65536
  1100 00000B4C 68 003C0000                     	PUSH	3932160
  1101 00000B51 89 C6                           	MOV	ESI,EAX
  1102 00000B53 E8 [00000000]                   	CALL	_memman_alloc_4k
  1103 00000B58 8B 55 08                        	MOV	EDX,DWORD [8+EBP]
  1104 00000B5B C7 43 4C [00000000]             	MOV	DWORD [76+EBX],_console_task
  1105 00000B62 89 83 0000009C                  	MOV	DWORD [156+EBX],EAX
  1106 00000B68 05 0000FFF4                     	ADD	EAX,65524
  1107 00000B6D 89 43 64                        	MOV	DWORD [100+EBX],EAX
  1108 00000B70 C7 43 74 00000008               	MOV	DWORD [116+EBX],8
  1109 00000B77 C7 43 78 00000010               	MOV	DWORD [120+EBX],16
  1110 00000B7E C7 43 7C 00000008               	MOV	DWORD [124+EBX],8
  1111 00000B85 C7 83 00000080 00000008         	MOV	DWORD [128+EBX],8
  1112 00000B8F C7 83 00000084 00000008         	MOV	DWORD [132+EBX],8
  1113 00000B99 C7 83 00000088 00000008         	MOV	DWORD [136+EBX],8
  1114 00000BA3 89 50 04                        	MOV	DWORD [4+EAX],EDX
  1115 00000BA6 8B 53 64                        	MOV	EDX,DWORD [100+EBX]
  1116 00000BA9 8B 45 0C                        	MOV	EAX,DWORD [12+EBP]
  1117 00000BAC 89 42 08                        	MOV	DWORD [8+EDX],EAX
  1118 00000BAF 6A 02                           	PUSH	2
  1119 00000BB1 6A 02                           	PUSH	2
  1120 00000BB3 53                              	PUSH	EBX
  1121 00000BB4 E8 [00000000]                   	CALL	_task_run
  1122 00000BB9 8D 43 10                        	LEA	EAX,DWORD [16+EBX]
  1123 00000BBC 53                              	PUSH	EBX
  1124 00000BBD 56                              	PUSH	ESI
  1125 00000BBE 68 00000080                     	PUSH	128
  1126 00000BC3 50                              	PUSH	EAX
  1127 00000BC4 E8 [00000000]                   	CALL	_fifo32_init
  1128 00000BC9 8D 65 F8                        	LEA	ESP,DWORD [-8+EBP]
  1129 00000BCC 89 D8                           	MOV	EAX,EBX
  1130 00000BCE 5B                              	POP	EBX
  1131 00000BCF 5E                              	POP	ESI
  1132 00000BD0 5D                              	POP	EBP
  1133 00000BD1 C3                              	RET
  1134                                          [SECTION .data]
  1135 00000119                                 LC2:
  1136 00000119 63 6F 6E 73 6F 6C 65 00         	DB	"console",0x00
  1137                                          [SECTION .text]
  1138 00000BD2                                 	GLOBAL	_open_console
  1139 00000BD2                                 _open_console:
  1140 00000BD2 55                              	PUSH	EBP
  1141 00000BD3 89 E5                           	MOV	EBP,ESP
  1142 00000BD5 56                              	PUSH	ESI
  1143 00000BD6 53                              	PUSH	EBX
  1144 00000BD7 FF 75 08                        	PUSH	DWORD [8+EBP]
  1145 00000BDA E8 [00000000]                   	CALL	_sheet_alloc
  1146 00000BDF 68 0000A500                     	PUSH	42240
  1147 00000BE4 68 003C0000                     	PUSH	3932160
  1148 00000BE9 89 C3                           	MOV	EBX,EAX
  1149 00000BEB E8 [00000000]                   	CALL	_memman_alloc_4k
  1150 00000BF0 6A FF                           	PUSH	-1
  1151 00000BF2 68 000000A5                     	PUSH	165
  1152 00000BF7 89 C6                           	MOV	ESI,EAX
  1153 00000BF9 68 00000100                     	PUSH	256
  1154 00000BFE 50                              	PUSH	EAX
  1155 00000BFF 53                              	PUSH	EBX
  1156 00000C00 E8 [00000000]                   	CALL	_sheet_setbuf
  1157 00000C05 83 C4 20                        	ADD	ESP,32
  1158 00000C08 6A 00                           	PUSH	0
  1159 00000C0A 68 [00000119]                   	PUSH	LC2
  1160 00000C0F 68 000000A5                     	PUSH	165
  1161 00000C14 68 00000100                     	PUSH	256
  1162 00000C19 56                              	PUSH	ESI
  1163 00000C1A E8 [00000000]                   	CALL	_make_window8
  1164 00000C1F 6A 00                           	PUSH	0
  1165 00000C21 68 00000080                     	PUSH	128
  1166 00000C26 68 000000F0                     	PUSH	240
  1167 00000C2B 6A 1C                           	PUSH	28
  1168 00000C2D 6A 08                           	PUSH	8
  1169 00000C2F 53                              	PUSH	EBX
  1170 00000C30 E8 [00000000]                   	CALL	_make_textbox8
  1171 00000C35 83 C4 2C                        	ADD	ESP,44
  1172 00000C38 FF 75 0C                        	PUSH	DWORD [12+EBP]
  1173 00000C3B 53                              	PUSH	EBX
  1174 00000C3C E8 FFFFFEEB                     	CALL	_open_constask
  1175 00000C41 83 4B 1C 20                     	OR	DWORD [28+EBX],32
  1176 00000C45 89 43 24                        	MOV	DWORD [36+EBX],EAX
  1177 00000C48 8D 65 F8                        	LEA	ESP,DWORD [-8+EBP]
  1178 00000C4B 89 D8                           	MOV	EAX,EBX
  1179 00000C4D 5B                              	POP	EBX
  1180 00000C4E 5E                              	POP	ESI
  1181 00000C4F 5D                              	POP	EBP
  1182 00000C50 C3                              	RET
  1183 00000C51                                 	GLOBAL	_close_constask
  1184 00000C51                                 _close_constask:
  1185 00000C51 55                              	PUSH	EBP
  1186 00000C52 89 E5                           	MOV	EBP,ESP
  1187 00000C54 53                              	PUSH	EBX
  1188 00000C55 8B 5D 08                        	MOV	EBX,DWORD [8+EBP]
  1189 00000C58 53                              	PUSH	EBX
  1190 00000C59 E8 [00000000]                   	CALL	_task_sleep
  1191 00000C5E 68 00010000                     	PUSH	65536
  1192 00000C63 FF B3 0000009C                  	PUSH	DWORD [156+EBX]
  1193 00000C69 68 003C0000                     	PUSH	3932160
  1194 00000C6E E8 [00000000]                   	CALL	_memman_free_4k
  1195 00000C73 68 00000200                     	PUSH	512
  1196 00000C78 FF 73 10                        	PUSH	DWORD [16+EBX]
  1197 00000C7B 68 003C0000                     	PUSH	3932160
  1198 00000C80 E8 [00000000]                   	CALL	_memman_free_4k
  1199 00000C85 C7 43 04 00000000               	MOV	DWORD [4+EBX],0
  1200 00000C8C 8B 5D FC                        	MOV	EBX,DWORD [-4+EBP]
  1201 00000C8F C9                              	LEAVE
  1202 00000C90 C3                              	RET
  1203 00000C91                                 	GLOBAL	_close_console
  1204 00000C91                                 _close_console:
  1205 00000C91 55                              	PUSH	EBP
  1206 00000C92 89 E5                           	MOV	EBP,ESP
  1207 00000C94 56                              	PUSH	ESI
  1208 00000C95 53                              	PUSH	EBX
  1209 00000C96 8B 5D 08                        	MOV	EBX,DWORD [8+EBP]
  1210 00000C99 8B 73 24                        	MOV	ESI,DWORD [36+EBX]
  1211 00000C9C 68 00001000                     	PUSH	4096
  1212 00000CA1 FF 33                           	PUSH	DWORD [EBX]
  1213 00000CA3 68 003C0000                     	PUSH	3932160
  1214 00000CA8 E8 [00000000]                   	CALL	_memman_free_4k
  1215 00000CAD 53                              	PUSH	EBX
  1216 00000CAE E8 [00000000]                   	CALL	_sheet_free
  1217 00000CB3 89 75 08                        	MOV	DWORD [8+EBP],ESI
  1218 00000CB6 83 C4 10                        	ADD	ESP,16
  1219 00000CB9 8D 65 F8                        	LEA	ESP,DWORD [-8+EBP]
  1220 00000CBC 5B                              	POP	EBX
  1221 00000CBD 5E                              	POP	ESI
  1222 00000CBE 5D                              	POP	EBP
  1223 00000CBF EB 90                           	JMP	_close_constask
